[alpinab2b.tilda.ws/printshop_overview.html]
[backblue.gif]
[fade.gif]
[index.html]
[static.tildacdn.com/tild6637-3665-4630-b333-373239303637/noroot.png]
[static.tildacdn.com/css/tilda-grid-3.0.min.css]
[static.tildacdn.com/css/tilda-animation-1.0.min.css]
[tilda.ws/project59029/tilda-blocks-2.126d8e.css]
[static.tildacdn.com/css/tilda-slds-1.4.min.css]
[static.tildacdn.com/css/tilda-zoom-2.0.min.css]
[static.tildacdn.com/js/tilda-scripts-2.8.min.js]
[tilda.ws/project59029/tilda-blocks-2.76d8e.js]
[static.tildacdn.com/js/tilda-animation-1.0.min.js]
[static.tildacdn.com/js/tilda-slds-1.4.min.js]
[static.tildacdn.com/js/jquery-1.10.2.min.js]
[static.tildacdn.com/js/tilda-products-1.0.min.js]
[static.tildacdn.com/js/tilda-zoom-2.0.min.js]
[static.tildacdn.com/js/lazyload-1.3.min.js]
[static.tildacdn.com/tild6637-3665-4630-b333-373239303637/-/resize/20x/noroot.png]
[static.tildacdn.com/tild3934-6134-4235-b934-373236616539/Headshot2.jpg]
[static.tildacdn.com/tild3439-3739-4462-b831-633466633035/Overview_cover.png]
[static.tildacdn.com/tild3439-3739-4462-b831-633466633035/-/resize/20x/Overview_cover.png]
[static.tildacdn.com/tild3763-3366-4630-b732-353539643064/1_copy.png]
[static.tildacdn.com/tild3763-3366-4630-b732-353539643064/-/resize/20x/1_copy.png]
[static.tildacdn.com/tild3866-3731-4666-b435-326534633363/3_copy.png]
[static.tildacdn.com/tild3866-3731-4666-b435-326534633363/-/resize/20x/3_copy.png]
[static.tildacdn.com/tild6131-6530-4264-b361-303630653762/4_copy.png]
[static.tildacdn.com/tild6131-6530-4264-b361-303630653762/-/resize/20x/4_copy.png]
[static.tildacdn.com/tild3836-3061-4536-b433-313663623531/-/resize/20x/PM1.png]
[static.tildacdn.com/tild3836-3061-4536-b433-313663623531/PM1.png]
[static.tildacdn.com/tild3431-6535-4233-b061-353366303733/-/resize/20x/CF_1.png]
[static.tildacdn.com/tild3431-6535-4233-b061-353366303733/CF_1.png]
[static.tildacdn.com/tild3662-3466-4236-b331-373831613735/-/resize/20x/Aspen_1.png]
[static.tildacdn.com/tild3662-3466-4236-b331-373831613735/Aspen_1.png]
[static.tildacdn.com/tild6139-6234-4737-b932-353566613663/-/resize/20x/Lebreija_1.png]
[static.tildacdn.com/tild6139-6234-4737-b932-353566613663/Lebreija_1.png]
[static.tildacdn.com/tild3539-3232-4363-a234-626230346332/-/resize/20x/EQ1.png]
[static.tildacdn.com/tild3539-3232-4363-a234-626230346332/EQ1.png]
[static.tildacdn.com/tild6661-3963-4564-a632-613937326237/-/resize/20x/BR1.png]
[static.tildacdn.com/tild6661-3963-4564-a632-613937326237/BR1.png]
[static.tildacdn.com/tild6636-6437-4431-a230-616437353535/-/resize/20x/Singapore_Tankers.jpg]
[static.tildacdn.com/tild6636-6437-4431-a230-616437353535/Singapore_Tankers.jpg]
[static.tildacdn.com/tild6538-6532-4133-b463-316136323430/-/resize/20x/MF1.png]
[static.tildacdn.com/tild6538-6532-4133-b463-316136323430/MF1.png]
[static.tildacdn.com/tild3565-3466-4461-b434-386535326138/-/resize/20x/4.png]
[static.tildacdn.com/tild3565-3466-4461-b434-386535326138/4.png]
[static.tildacdn.com/tild3636-3938-4461-b063-303030303130/-/resize/20x/SL1.png]
[static.tildacdn.com/tild3636-3938-4461-b063-303030303130/SL1.png]
[static.tildacdn.com/tild6462-3964-4236-b464-343438353538/-/resize/20x/Barcelona_Eixample.jpg]
[static.tildacdn.com/tild6462-3964-4236-b464-343438353538/Barcelona_Eixample.jpg]
[static.tildacdn.com/tild3031-3231-4766-b463-383735636239/-/resize/20x/MSM1.png]
[static.tildacdn.com/tild3031-3231-4766-b463-383735636239/MSM1.png]
[static.tildacdn.com/tild6532-6233-4664-b931-333663343536/-/resize/20x/Palm1.jpg]
[static.tildacdn.com/tild6532-6233-4664-b931-333663343536/Palm1.jpg]
[static.tildacdn.com/tild3765-3361-4631-b763-396334613864/-/resize/20x/Nice_1.png]
[static.tildacdn.com/tild3765-3361-4631-b763-396334613864/Nice_1.png]
[static.tildacdn.com/tild3432-6332-4630-a464-306538646136/-/resize/20x/GM1.png]
[static.tildacdn.com/tild3432-6332-4630-a464-306538646136/GM1.png]
[static.tildacdn.com/tild3636-3136-4638-a235-386263663932/-/resize/20x/White_Island_2.jpg]
[static.tildacdn.com/tild3636-3136-4638-a235-386263663932/White_Island_2.jpg]
[static.tildacdn.com/tild6330-3763-4562-b561-323531383431/-/resize/20x/Hawaii_1.jpg]
[static.tildacdn.com/tild6330-3763-4562-b561-323531383431/Hawaii_1.jpg]
[static.tildacdn.com/tild6330-3630-4466-a461-616137353131/-/resize/20x/Screen_Shot_20151128.png]
[static.tildacdn.com/tild6330-3630-4466-a461-616137353131/Screen_Shot_20151128.png]
[static.tildacdn.com/tild3935-3262-4631-b834-643639643539/-/resize/20x/1.png]
[static.tildacdn.com/tild3935-3262-4631-b834-643639643539/1.png]
[static.tildacdn.com/tild3764-3965-4230-b666-376634383863/-/resize/20x/GGB1.png]
[static.tildacdn.com/tild3764-3965-4230-b666-376634383863/GGB1.png]
[static.tildacdn.com/tild3930-6566-4333-a262-363432616533/-/resize/20x/Central_Park_Vertica.png]
[static.tildacdn.com/tild3930-6566-4333-a262-363432616533/Central_Park_Vertica.png]
[static.tildacdn.com/tild6466-3633-4331-b538-643565646164/-/resize/20x/BM_1.png]
[static.tildacdn.com/tild6466-3633-4331-b538-643565646164/BM_1.png]
[static.tildacdn.com/tild3739-3230-4233-b262-366162633464/-/resize/20x/SP1.png]
[static.tildacdn.com/tild3739-3230-4233-b262-366162633464/SP1.png]
[static.tildacdn.com/tild6261-3730-4461-b165-666336666361/-/resize/20x/Ipanema_R1C1.jpg]
[static.tildacdn.com/tild6261-3730-4461-b165-666336666361/Ipanema_R1C1.jpg]
[static.tildacdn.com/tild3262-6363-4363-b365-666638623833/-/resize/20x/Paris_1.png]
[static.tildacdn.com/tild3262-6363-4363-b365-666638623833/Paris_1.png]
[static.tildacdn.com/tild6465-3162-4036-b631-363531346630/-/resize/20x/DM1.png]
[static.tildacdn.com/tild6465-3162-4036-b631-363531346630/DM1.png]
[static.tildacdn.com/tild3335-3933-4539-b136-353465633630/-/resize/20x/Lop_Nur.png]
[static.tildacdn.com/tild3335-3933-4539-b136-353465633630/Lop_Nur.png]
[static.tildacdn.com/tild3836-3065-4731-b734-303632376334/-/resize/20x/Val1.png]
[static.tildacdn.com/tild3836-3065-4731-b734-303632376334/Val1.png]
[static.tildacdn.com/tild3231-3362-4838-a162-616436373234/-/resize/20x/CC1.png]
[static.tildacdn.com/tild3231-3362-4838-a162-616436373234/CC1.png]
[static.tildacdn.com/tild3230-3936-4737-a638-623033623363/-/resize/20x/Austria1.png]
[static.tildacdn.com/tild3230-3936-4737-a638-623033623363/Austria1.png]
[static.tildacdn.com/tild6639-3261-4531-b930-393461366461/-/resize/20x/Screen_Shot_20150409.png]
[static.tildacdn.com/tild6639-3261-4531-b930-393461366461/Screen_Shot_20150409.png]
[static.tildacdn.com/tild3531-3130-4137-b862-653461346561/-/resize/20x/Granada_R1C1__Versio.jpg]
[static.tildacdn.com/tild3531-3130-4137-b862-653461346561/Granada_R1C1__Versio.jpg]
[static.tildacdn.com/tild3461-3131-4234-b237-616434633634/-/resize/20x/Moab5.jpg]
[static.tildacdn.com/tild3461-3131-4234-b237-616434633634/Moab5.jpg]
[static.tildacdn.com/tild3366-3331-4135-a663-323663386332/-/resize/20x/Full.png]
[static.tildacdn.com/tild3366-3331-4135-a663-323663386332/Full.png]
[static.tildacdn.com/tild6432-6435-4361-a463-643764663731/-/resize/20x/Screen_Shot_20151128.png]
[static.tildacdn.com/tild6432-6435-4361-a463-643764663731/Screen_Shot_20151128.png]
[static.tildacdn.com/tild6332-3666-4537-b562-636432336539/-/resize/20x/ADT_Full.jpg]
[static.tildacdn.com/tild6332-3666-4537-b562-636432336539/ADT_Full.jpg]
[static.tildacdn.com/tild3563-3837-4631-b862-316234383530/-/resize/20x/Screen_Shot_20151128.png]
[static.tildacdn.com/tild3563-3837-4631-b862-316234383530/Screen_Shot_20151128.png]
[static.tildacdn.com/tild3439-3962-4564-b733-343639346336/-/resize/20x/Screen_Shot_20151128.png]
[static.tildacdn.com/tild3439-3962-4564-b733-343639346336/Screen_Shot_20151128.png]
[static.tildacdn.com/tild3236-6635-4436-b034-306562613734/-/resize/20x/Almeria2_R1C1__Versi.jpg]
[static.tildacdn.com/tild3236-6635-4436-b034-306562613734/Almeria2_R1C1__Versi.jpg]
[static.tildacdn.com/tild6661-3737-4133-a362-633832376336/-/resize/20x/Venice_Full.png]
[static.tildacdn.com/tild6661-3737-4133-a362-633832376336/Venice_Full.png]
[static.tildacdn.com/tild3262-3566-4661-a431-363431323866/-/resize/20x/No_39B__DFW_Airport_.jpg]
[static.tildacdn.com/tild3262-3566-4661-a431-363431323866/No_39B__DFW_Airport_.jpg]
[static.tildacdn.com/tild3333-3765-4930-b535-336630376664/-/resize/20x/Delray_Beach.png]
[static.tildacdn.com/tild3333-3765-4930-b535-336630376664/Delray_Beach.png]
[static.tildacdn.com/tild3064-3465-4338-b732-646137373864/-/resize/20x/VA_R1C1__Version_2.jpg]
[static.tildacdn.com/tild3064-3465-4338-b732-646137373864/VA_R1C1__Version_2.jpg]
[static.tildacdn.com/tild3534-6262-4331-b034-363634396230/-/resize/20x/Screen_Shot_20151128.png]
[static.tildacdn.com/tild3534-6262-4331-b034-363634396230/Screen_Shot_20151128.png]
[static.tildacdn.com/tild3235-3562-4139-b232-636164636432/-/resize/20x/No_37__Palms.jpg]
[static.tildacdn.com/tild3235-3562-4139-b232-636164636432/No_37__Palms.jpg]
[static.tildacdn.com/tild3462-6662-4865-b235-613331336231/-/resize/20x/No_43__Nardo_Ring.jpg]
[static.tildacdn.com/tild3462-6662-4865-b235-613331336231/No_43__Nardo_Ring.jpg]
[static.tildacdn.com/tild6466-3136-4034-b139-386538336335/-/resize/20x/L1.png]
[static.tildacdn.com/tild6466-3136-4034-b139-386538336335/L1.png]
[static.tildacdn.com/tild6237-3561-4835-a633-633662393038/-/resize/20x/THFull.png]
[static.tildacdn.com/tild6237-3561-4835-a633-633662393038/THFull.png]
[static.tildacdn.com/tild3961-3463-4433-b831-633336636430/-/resize/20x/Rotterdam5_R1C1.jpg]
[static.tildacdn.com/tild3961-3463-4433-b831-633336636430/Rotterdam5_R1C1.jpg]
[static.tildacdn.com/tild6630-6535-4337-a539-613739303933/-/resize/20x/JVille_R1C1.jpg]
[static.tildacdn.com/tild6630-6535-4337-a539-613739303933/JVille_R1C1.jpg]
[static.tildacdn.com/tild6538-3966-4530-a433-623938336236/-/resize/20x/Screen_Shot_20151128.png]
[static.tildacdn.com/tild6538-3966-4530-a433-623938336236/Screen_Shot_20151128.png]
[static.tildacdn.com/tild6231-3662-4031-a337-333438303666/-/resize/20x/Gemasolar_1.png]
[static.tildacdn.com/tild6231-3662-4031-a337-333438303666/Gemasolar_1.png]
[static.tildacdn.com/tild3530-6439-4630-b430-383262653731/-/resize/20x/SpiralJetty_R1C1.jpg]
[static.tildacdn.com/tild3530-6439-4630-b430-383262653731/SpiralJetty_R1C1.jpg]
[static.tildacdn.com/tild3434-3534-4334-a534-663631663263/-/resize/20x/Port_Newark.png]
[static.tildacdn.com/tild3434-3534-4334-a534-663631663263/Port_Newark.png]
[static.tildacdn.com/tild3038-6439-4639-b336-386537633336/-/resize/20x/mc2.jpg]
[static.tildacdn.com/tild3038-6439-4639-b336-386537633336/mc2.jpg]
[static.tildacdn.com/tild6633-3530-4832-a464-393938353530/-/resize/20x/No_41__Sunset_Distri.jpg]
[static.tildacdn.com/tild6633-3530-4832-a464-393938353530/No_41__Sunset_Distri.jpg]
[static.tildacdn.com/tild3462-3462-4033-a666-313665633339/-/resize/20x/AMSR_R1C1.jpg]
[static.tildacdn.com/tild3462-3462-4033-a666-313665633339/AMSR_R1C1.jpg]
[static.tildacdn.com/tild3337-3337-4261-b738-396432656133/-/resize/20x/Brasilia_4.jpg]
[static.tildacdn.com/tild3337-3337-4261-b738-396432656133/Brasilia_4.jpg]
[static.tildacdn.com/tild6663-3332-4961-a466-383961393461/-/resize/20x/Tulips.png]
[static.tildacdn.com/tild6663-3332-4961-a466-383961393461/Tulips.png]
[static.tildacdn.com/tild3266-6564-4638-a364-373638636334/-/resize/20x/Stelvio1.jpg]
[static.tildacdn.com/tild3266-6564-4638-a364-373638636334/Stelvio1.jpg]
[static.tildacdn.com/tild3739-6665-4536-b037-663130336236/-/resize/20x/Glastobury_R1C1__Ver.jpg]
[static.tildacdn.com/tild3739-6665-4536-b037-663130336236/Glastobury_R1C1__Ver.jpg]
[static.tildacdn.com/tild6565-3734-4833-b539-616537636463/-/resize/20x/AA2.png]
[static.tildacdn.com/tild6565-3734-4833-b539-616537636463/AA2.png]
[static.tildacdn.com/tild6165-3532-4261-b062-396364613664/-/resize/20x/GribbensTailingBasin.jpg]
[static.tildacdn.com/tild6165-3532-4261-b062-396364613664/GribbensTailingBasin.jpg]
[static.tildacdn.com/tild6466-3264-4664-a430-336139653133/-/resize/20x/DAB.jpg]
[static.tildacdn.com/tild6466-3264-4664-a430-336139653133/DAB.jpg]
[static.tildacdn.com/tild3431-3638-4132-b231-353637353066/-/resize/20x/Gibraltar_R1C1_1.jpg]
[static.tildacdn.com/tild3431-3638-4132-b231-353637353066/Gibraltar_R1C1_1.jpg]
[static.tildacdn.com/tild6561-3831-4536-a633-396136323864/-/resize/20x/Screen_Shot_20151129.png]
[static.tildacdn.com/tild6561-3831-4536-a633-396136323864/Screen_Shot_20151129.png]
[static.tildacdn.com/tild3830-6564-4338-a261-383862326264/-/resize/20x/Seoul_R1C1__Version_.jpg]
[static.tildacdn.com/tild3830-6564-4338-a261-383862326264/Seoul_R1C1__Version_.jpg]
[static.tildacdn.com/tild6365-3434-4635-a534-303761623130/-/resize/20x/Aluminum_Waste_Full.jpg]
[static.tildacdn.com/tild6365-3434-4635-a534-303761623130/Aluminum_Waste_Full.jpg]
[static.tildacdn.com/tild3530-3664-4239-a531-636130616634/-/resize/20x/Roseville3_R1C1.jpg]
[static.tildacdn.com/tild3530-3664-4239-a531-636130616634/Roseville3_R1C1.jpg]
[static.tildacdn.com/tild6130-6562-4430-b836-383533363433/-/resize/20x/NBBR1.png]
[static.tildacdn.com/tild6130-6562-4430-b836-383533363433/NBBR1.png]
[static.tildacdn.com/tild6434-3565-4966-a433-313535343163/-/resize/20x/Riyahd_1.png]
[static.tildacdn.com/tild6434-3565-4966-a433-313535343163/Riyahd_1.png]
[static.tildacdn.com/tild3638-3162-4161-b739-623332313139/-/resize/20x/Screen_Shot_20151128.png]
[static.tildacdn.com/tild3638-3162-4161-b739-623332313139/Screen_Shot_20151128.png]
[static.tildacdn.com/tild3663-6138-4863-a632-326333623732/1_2.jpg]
[static.tildacdn.com/tild3663-6138-4863-a632-326333623732/-/resize/20x/1_2.jpg]
[static.tildacdn.com/tild3537-3035-4338-a162-663538646335/1_3.jpg]
[static.tildacdn.com/tild3537-3035-4338-a162-663538646335/-/resize/20x/1_3.jpg]
[static.tildacdn.com/tild3637-3865-4264-b064-646133373532/1_4.jpg]
[static.tildacdn.com/tild3637-3865-4264-b064-646133373532/-/resize/20x/1_4.jpg]
[static.tildacdn.com/tild6231-3738-4366-b335-393531353166/1.jpg]
[static.tildacdn.com/tild6231-3738-4366-b335-393531353166/-/resize/20x/1.jpg]
[static.tildacdn.com/tild3735-3236-4333-b431-646336323736/2.jpg]
[static.tildacdn.com/tild3735-3236-4333-b431-646336323736/-/resize/20x/2.jpg]
[static.tildacdn.com/tild3566-3932-4532-a439-643237636537/3.jpg]
[static.tildacdn.com/tild3566-3932-4532-a439-643237636537/-/resize/20x/3.jpg]
[static.tildacdn.com/tild3065-3938-4966-a665-363635666361/-/resize/20x/28m.jpg]
[static.tildacdn.com/tild3264-3736-4064-b766-353334623938/-/resize/20x/14m.jpg]
[static.tildacdn.com/tild3638-3038-4433-b735-626639653964/-/resize/20x/09w.jpg]
[static.tildacdn.com/tild3063-3835-4265-b731-326434343065/-/resize/20x/10m.jpg]
[static.tildacdn.com/img/tildacopy.png]
[alpinab2b.tilda.ws/printshop_overview.html]
[static.tildacdn.com/css/tilda-grid-3.0.min.css]
[tilda.ws/project59029/tilda-blocks-2.126d8e.css]
[static.tildacdn.com/css/tilda-animation-1.0.min.css]
[static.tildacdn.com/css/tilda-slds-1.4.min.css]
[static.tildacdn.com/css/tilda-zoom-2.0.min.css]
[tilda.ws/project59029/tilda-blocks-2.76d8e.js]
[alpinab2b.tilda.ws/index.html]
[static.tildacdn.com/js/hammer.min.js]
[static.tildacdn.com/tild3237-3965-4337-b764-623830343736/summary2.png]
[tilda.ws/project59029/tilda-blocks-2.12417e.css]
[tilda.ws/project59029/tilda-blocks-2.7417e.js]
[static.tildacdn.com/js/tilda-forms-1.0.min.js]
[static.tildacdn.com/tild6537-3764-4635-b735-373134653432/summary4.png]
[static.tildacdn.com/tild3033-3565-4664-b631-396662623438/summary4.png]
[static.tildacdn.com/tild3838-3063-4935-b133-613933656363/-/empty/pdf_2.png]
[static.tildacdn.com/tild3132-3665-4563-b261-616265336365/-/empty/ePub_2.png]
[static.tildacdn.com/tild6636-3064-4231-a634-323036646562/-/empty/mp3_2.png]
[static.tildacdn.com/tild3830-3231-4163-a565-316563336562/-/resize/20x/shutterstock_454936078Converted.png]
[static.tildacdn.com/tild6138-6331-4934-a231-373763323030/-/empty/Untitled1.png]
[alpinab2b.tilda.ws/index.html]
[tilda.ws/project59029/tilda-blocks-2.12417e.css]
[tilda.ws/project59029/tilda-blocks-2.7417e.js]
[static.tildacdn.com/tild3865-6536-4931-a339-303561356235/summary3.png]
[static.tildacdn.com/tild3133-3735-4836-b835-623236346436/-/resize/20x/shutterstock_454936189Converted.png]
